helloOoOo!
(server) Agent Started without error. 
helloOoOo!
helloOoOo!
helloOoOo!
helloOoOo!
helloOoOo!
helloOoOo!
helloOoOo!
helloOoOo!
helloOoOo!
helloOoOo!
helloOoOo!
helloOoOo!
helloOoOo!
helloOoOo!
helloOoOo!
helloOoOo!
helloOoOo!
helloOoOo!
helloOoOo!
helloOoOo!
{ params: { n: '357386' },
  splats: [],
  route: '/:n',
  next: [Function: bound ],
  fn: [Function: main] }
{ params: { n: '357386' },
  splats: [],
  route: '/:n',
  next: [Function: bound ],
  fn: [Function: main] }
helloOoOo!
Agent Started without error. 
helloOoOo!
helloOoOo!
helloOoOo!
helloOoOo!
helloOoOo!
helloOoOo!
helloOoOo!
helloOoOo!
helloOoOo!
helloOoOo!
helloOoOo!
helloOoOo!
helloOoOo!
{ params: { n: '357386' },
  splats: [],
  route: '/:n',
  next: [Function: bound ],
  fn: [Function: main] }
